Arguments: 
  /usr/local/bin/node /Users/ghua/.yarn/bin/yarn.js add prettier express dotenv cors mongoose

PATH: 
  /Users/ghua/.yarn/bin:/Users/ghua/.config/yarn/global/node_modules/.bin:/Users/ghua/.pyenv/shims:/opt/local/bin:/opt/local/sbin:/usr/local/bin:/usr/bin:/bin:/usr/sbin:/sbin:/Users/ghua/bin:/Users/ghua/bin

Yarn version: 
  1.22.4

Node version: 
  14.5.0

Platform: 
  darwin x64

Trace: 
  Error: certificate is not yet valid
      at TLSSocket.onConnectSecure (_tls_wrap.js:1498:34)
      at TLSSocket.emit (events.js:314:20)
      at TLSSocket._finishInit (_tls_wrap.js:933:8)
      at TLSWrap.ssl.onhandshakedone (_tls_wrap.js:707:12)

npm manifest: 
  {
    "name": "afrik-graphql-api",
    "version": "1.0.0",
    "description": "",
    "main": "index.js",
    "scripts": {
      "test": "echo \"Error: no test specified\" && exit 1"
    },
    "author": "",
    "license": "ISC"
  }

yarn manifest: 
  No manifest

Lockfile: 
  No lockfile
